2024-01-22T11:09:03.395-06:00  INFO 39077 --- [main] com.example.stacks.StacksApplication     : Starting StacksApplication using Java 18.0.2 with PID 39077 (/Users/joey/IdeaProjects/stacksoflaughs/stacks/target/classes started by joey in /Users/joey/IdeaProjects/stacksoflaughs)
2024-01-22T11:09:03.398-06:00  INFO 39077 --- [main] com.example.stacks.StacksApplication     : No active profile set, falling back to 1 default profile: "default"
2024-01-22T11:09:04.820-06:00  INFO 39077 --- [main] .s.d.r.c.RepositoryConfigurationDelegate : Bootstrapping Spring Data JPA repositories in DEFAULT mode.
2024-01-22T11:09:04.930-06:00  INFO 39077 --- [main] .s.d.r.c.RepositoryConfigurationDelegate : Finished Spring Data repository scanning in 96 ms. Found 5 JPA repository interfaces.
2024-01-22T11:09:05.673-06:00  INFO 39077 --- [main] o.s.b.w.embedded.tomcat.TomcatWebServer  : Tomcat initialized with port(s): 8080 (http)
2024-01-22T11:09:05.687-06:00  INFO 39077 --- [main] o.apache.catalina.core.StandardService   : Starting service [Tomcat]
2024-01-22T11:09:05.688-06:00  INFO 39077 --- [main] o.apache.catalina.core.StandardEngine    : Starting Servlet engine: [Apache Tomcat/10.1.13]
2024-01-22T11:09:05.901-06:00  INFO 39077 --- [main] o.a.c.c.C.[Tomcat].[localhost].[/]       : Initializing Spring embedded WebApplicationContext
2024-01-22T11:09:05.902-06:00  INFO 39077 --- [main] w.s.c.ServletWebServerApplicationContext : Root WebApplicationContext: initialization completed in 2414 ms
2024-01-22T11:09:06.146-06:00  INFO 39077 --- [main] o.hibernate.jpa.internal.util.LogHelper  : HHH000204: Processing PersistenceUnitInfo [name: default]
2024-01-22T11:09:06.277-06:00  INFO 39077 --- [main] org.hibernate.Version                    : HHH000412: Hibernate ORM core version 6.2.9.Final
2024-01-22T11:09:06.280-06:00  INFO 39077 --- [main] org.hibernate.cfg.Environment            : HHH000406: Using bytecode reflection optimizer
2024-01-22T11:09:06.541-06:00  INFO 39077 --- [main] o.h.b.i.BytecodeProviderInitiator        : HHH000021: Bytecode provider name : bytebuddy
2024-01-22T11:09:06.779-06:00  INFO 39077 --- [main] o.s.o.j.p.SpringPersistenceUnitInfo      : No LoadTimeWeaver setup: ignoring JPA class transformer
2024-01-22T11:09:06.818-06:00  INFO 39077 --- [main] com.zaxxer.hikari.HikariDataSource       : HikariPool-1 - Starting...
2024-01-22T11:09:07.262-06:00  INFO 39077 --- [main] com.zaxxer.hikari.pool.HikariPool        : HikariPool-1 - Added connection com.mysql.cj.jdbc.ConnectionImpl@45c423b3
2024-01-22T11:09:07.264-06:00  INFO 39077 --- [main] com.zaxxer.hikari.HikariDataSource       : HikariPool-1 - Start completed.
2024-01-22T11:09:07.767-06:00  INFO 39077 --- [main] o.h.b.i.BytecodeProviderInitiator        : HHH000021: Bytecode provider name : bytebuddy
2024-01-22T11:09:08.888-06:00  INFO 39077 --- [main] o.h.e.t.j.p.i.JtaPlatformInitiator       : HHH000490: Using JtaPlatform implementation: [org.hibernate.engine.transaction.jta.platform.internal.NoJtaPlatform]
2024-01-22T11:09:09.043-06:00  INFO 39077 --- [main] j.LocalContainerEntityManagerFactoryBean : Initialized JPA EntityManagerFactory for persistence unit 'default'
2024-01-22T11:09:09.582-06:00  INFO 39077 --- [main] o.s.d.j.r.query.QueryEnhancerFactory     : Hibernate is in classpath; If applicable, HQL parser will be used.
2024-01-22T11:09:09.832-06:00  WARN 39077 --- [main] JpaBaseConfiguration$JpaWebConfiguration : spring.jpa.open-in-view is enabled by default. Therefore, database queries may be performed during view rendering. Explicitly configure spring.jpa.open-in-view to disable this warning
2024-01-22T11:09:11.195-06:00  INFO 39077 --- [main] o.s.b.w.embedded.tomcat.TomcatWebServer  : Tomcat started on port(s): 8080 (http) with context path ''
2024-01-22T11:09:11.212-06:00  INFO 39077 --- [main] com.example.stacks.StacksApplication     : Started StacksApplication in 8.534 seconds (process running for 14.717)
2024-01-22T11:09:27.828-06:00  INFO 39077 --- [http-nio-8080-exec-1] o.a.c.c.C.[Tomcat].[localhost].[/]       : Initializing Spring DispatcherServlet 'dispatcherServlet'
2024-01-22T11:09:27.829-06:00  INFO 39077 --- [http-nio-8080-exec-1] o.s.web.servlet.DispatcherServlet        : Initializing Servlet 'dispatcherServlet'
2024-01-22T11:09:27.831-06:00  INFO 39077 --- [http-nio-8080-exec-1] o.s.web.servlet.DispatcherServlet        : Completed initialization in 1 ms
2024-01-22T11:09:28.471-06:00  INFO 39077 --- [http-nio-8080-exec-1] c.e.stacks.service.UserServiceImpl       : User is present with email so user creation failed
2024-01-22T11:13:48.658-06:00  INFO 39077 --- [SpringApplicationShutdownHook] j.LocalContainerEntityManagerFactoryBean : Closing JPA EntityManagerFactory for persistence unit 'default'
2024-01-22T11:13:48.677-06:00  INFO 39077 --- [SpringApplicationShutdownHook] com.zaxxer.hikari.HikariDataSource       : HikariPool-1 - Shutdown initiated...
2024-01-22T11:13:48.707-06:00  INFO 39077 --- [SpringApplicationShutdownHook] com.zaxxer.hikari.HikariDataSource       : HikariPool-1 - Shutdown completed.
2024-01-22T11:14:05.221-06:00  INFO 39163 --- [main] com.example.stacks.StacksApplication     : Starting StacksApplication using Java 18.0.2 with PID 39163 (/Users/joey/IdeaProjects/stacksoflaughs/stacks/target/classes started by joey in /Users/joey/IdeaProjects/stacksoflaughs)
2024-01-22T11:14:05.225-06:00  INFO 39163 --- [main] com.example.stacks.StacksApplication     : No active profile set, falling back to 1 default profile: "default"
2024-01-22T11:14:06.473-06:00  INFO 39163 --- [main] .s.d.r.c.RepositoryConfigurationDelegate : Bootstrapping Spring Data JPA repositories in DEFAULT mode.
2024-01-22T11:14:06.604-06:00  INFO 39163 --- [main] .s.d.r.c.RepositoryConfigurationDelegate : Finished Spring Data repository scanning in 109 ms. Found 5 JPA repository interfaces.
2024-01-22T11:14:07.323-06:00  INFO 39163 --- [main] o.s.b.w.embedded.tomcat.TomcatWebServer  : Tomcat initialized with port(s): 8080 (http)
2024-01-22T11:14:07.335-06:00  INFO 39163 --- [main] o.apache.catalina.core.StandardService   : Starting service [Tomcat]
2024-01-22T11:14:07.335-06:00  INFO 39163 --- [main] o.apache.catalina.core.StandardEngine    : Starting Servlet engine: [Apache Tomcat/10.1.13]
2024-01-22T11:14:07.507-06:00  INFO 39163 --- [main] o.a.c.c.C.[Tomcat].[localhost].[/]       : Initializing Spring embedded WebApplicationContext
2024-01-22T11:14:07.508-06:00  INFO 39163 --- [main] w.s.c.ServletWebServerApplicationContext : Root WebApplicationContext: initialization completed in 2209 ms
2024-01-22T11:14:07.741-06:00  INFO 39163 --- [main] o.hibernate.jpa.internal.util.LogHelper  : HHH000204: Processing PersistenceUnitInfo [name: default]
2024-01-22T11:14:07.847-06:00  INFO 39163 --- [main] org.hibernate.Version                    : HHH000412: Hibernate ORM core version 6.2.9.Final
2024-01-22T11:14:07.852-06:00  INFO 39163 --- [main] org.hibernate.cfg.Environment            : HHH000406: Using bytecode reflection optimizer
2024-01-22T11:14:08.083-06:00  INFO 39163 --- [main] o.h.b.i.BytecodeProviderInitiator        : HHH000021: Bytecode provider name : bytebuddy
2024-01-22T11:14:08.299-06:00  INFO 39163 --- [main] o.s.o.j.p.SpringPersistenceUnitInfo      : No LoadTimeWeaver setup: ignoring JPA class transformer
2024-01-22T11:14:08.325-06:00  INFO 39163 --- [main] com.zaxxer.hikari.HikariDataSource       : HikariPool-1 - Starting...
2024-01-22T11:14:08.736-06:00  INFO 39163 --- [main] com.zaxxer.hikari.pool.HikariPool        : HikariPool-1 - Added connection com.mysql.cj.jdbc.ConnectionImpl@12aa519b
2024-01-22T11:14:08.738-06:00  INFO 39163 --- [main] com.zaxxer.hikari.HikariDataSource       : HikariPool-1 - Start completed.
2024-01-22T11:14:09.225-06:00  INFO 39163 --- [main] o.h.b.i.BytecodeProviderInitiator        : HHH000021: Bytecode provider name : bytebuddy
2024-01-22T11:14:10.209-06:00  INFO 39163 --- [main] o.h.e.t.j.p.i.JtaPlatformInitiator       : HHH000490: Using JtaPlatform implementation: [org.hibernate.engine.transaction.jta.platform.internal.NoJtaPlatform]
2024-01-22T11:14:10.391-06:00  INFO 39163 --- [main] j.LocalContainerEntityManagerFactoryBean : Initialized JPA EntityManagerFactory for persistence unit 'default'
2024-01-22T11:14:10.910-06:00  INFO 39163 --- [main] o.s.d.j.r.query.QueryEnhancerFactory     : Hibernate is in classpath; If applicable, HQL parser will be used.
2024-01-22T11:14:11.156-06:00  WARN 39163 --- [main] JpaBaseConfiguration$JpaWebConfiguration : spring.jpa.open-in-view is enabled by default. Therefore, database queries may be performed during view rendering. Explicitly configure spring.jpa.open-in-view to disable this warning
2024-01-22T11:14:12.303-06:00  INFO 39163 --- [main] o.s.b.w.embedded.tomcat.TomcatWebServer  : Tomcat started on port(s): 8080 (http) with context path ''
2024-01-22T11:14:12.321-06:00  INFO 39163 --- [main] com.example.stacks.StacksApplication     : Started StacksApplication in 7.741 seconds (process running for 14.023)
2024-01-22T11:14:19.923-06:00  INFO 39163 --- [http-nio-8080-exec-1] o.a.c.c.C.[Tomcat].[localhost].[/]       : Initializing Spring DispatcherServlet 'dispatcherServlet'
2024-01-22T11:14:19.924-06:00  INFO 39163 --- [http-nio-8080-exec-1] o.s.web.servlet.DispatcherServlet        : Initializing Servlet 'dispatcherServlet'
2024-01-22T11:14:19.927-06:00  INFO 39163 --- [http-nio-8080-exec-1] o.s.web.servlet.DispatcherServlet        : Completed initialization in 1 ms
2024-01-22T11:14:20.460-06:00  INFO 39163 --- [http-nio-8080-exec-1] c.e.stacks.service.UserServiceImpl       : User is present with email so user creation failed
2024-01-22T11:15:52.456-06:00  INFO 39163 --- [SpringApplicationShutdownHook] j.LocalContainerEntityManagerFactoryBean : Closing JPA EntityManagerFactory for persistence unit 'default'
2024-01-22T11:15:52.462-06:00  INFO 39163 --- [SpringApplicationShutdownHook] com.zaxxer.hikari.HikariDataSource       : HikariPool-1 - Shutdown initiated...
2024-01-22T11:15:52.481-06:00  INFO 39163 --- [SpringApplicationShutdownHook] com.zaxxer.hikari.HikariDataSource       : HikariPool-1 - Shutdown completed.
2024-01-22T11:16:06.432-06:00  INFO 39196 --- [main] com.example.stacks.StacksApplication     : Starting StacksApplication using Java 18.0.2 with PID 39196 (/Users/joey/IdeaProjects/stacksoflaughs/stacks/target/classes started by joey in /Users/joey/IdeaProjects/stacksoflaughs)
2024-01-22T11:16:06.434-06:00  INFO 39196 --- [main] com.example.stacks.StacksApplication     : No active profile set, falling back to 1 default profile: "default"
2024-01-22T11:16:07.543-06:00  INFO 39196 --- [main] .s.d.r.c.RepositoryConfigurationDelegate : Bootstrapping Spring Data JPA repositories in DEFAULT mode.
2024-01-22T11:16:07.658-06:00  INFO 39196 --- [main] .s.d.r.c.RepositoryConfigurationDelegate : Finished Spring Data repository scanning in 102 ms. Found 5 JPA repository interfaces.
2024-01-22T11:16:08.537-06:00  INFO 39196 --- [main] o.s.b.w.embedded.tomcat.TomcatWebServer  : Tomcat initialized with port(s): 8080 (http)
2024-01-22T11:16:08.553-06:00  INFO 39196 --- [main] o.apache.catalina.core.StandardService   : Starting service [Tomcat]
2024-01-22T11:16:08.553-06:00  INFO 39196 --- [main] o.apache.catalina.core.StandardEngine    : Starting Servlet engine: [Apache Tomcat/10.1.13]
2024-01-22T11:16:08.707-06:00  INFO 39196 --- [main] o.a.c.c.C.[Tomcat].[localhost].[/]       : Initializing Spring embedded WebApplicationContext
2024-01-22T11:16:08.708-06:00  INFO 39196 --- [main] w.s.c.ServletWebServerApplicationContext : Root WebApplicationContext: initialization completed in 2203 ms
2024-01-22T11:16:09.029-06:00  INFO 39196 --- [main] o.hibernate.jpa.internal.util.LogHelper  : HHH000204: Processing PersistenceUnitInfo [name: default]
2024-01-22T11:16:09.135-06:00  INFO 39196 --- [main] org.hibernate.Version                    : HHH000412: Hibernate ORM core version 6.2.9.Final
2024-01-22T11:16:09.139-06:00  INFO 39196 --- [main] org.hibernate.cfg.Environment            : HHH000406: Using bytecode reflection optimizer
2024-01-22T11:16:09.370-06:00  INFO 39196 --- [main] o.h.b.i.BytecodeProviderInitiator        : HHH000021: Bytecode provider name : bytebuddy
2024-01-22T11:16:09.602-06:00  INFO 39196 --- [main] o.s.o.j.p.SpringPersistenceUnitInfo      : No LoadTimeWeaver setup: ignoring JPA class transformer
2024-01-22T11:16:09.628-06:00  INFO 39196 --- [main] com.zaxxer.hikari.HikariDataSource       : HikariPool-1 - Starting...
2024-01-22T11:16:10.064-06:00  INFO 39196 --- [main] com.zaxxer.hikari.pool.HikariPool        : HikariPool-1 - Added connection com.mysql.cj.jdbc.ConnectionImpl@7e2c6fd6
2024-01-22T11:16:10.066-06:00  INFO 39196 --- [main] com.zaxxer.hikari.HikariDataSource       : HikariPool-1 - Start completed.
2024-01-22T11:16:10.544-06:00  INFO 39196 --- [main] o.h.b.i.BytecodeProviderInitiator        : HHH000021: Bytecode provider name : bytebuddy
2024-01-22T11:16:11.622-06:00  INFO 39196 --- [main] o.h.e.t.j.p.i.JtaPlatformInitiator       : HHH000490: Using JtaPlatform implementation: [org.hibernate.engine.transaction.jta.platform.internal.NoJtaPlatform]
2024-01-22T11:16:11.779-06:00  INFO 39196 --- [main] j.LocalContainerEntityManagerFactoryBean : Initialized JPA EntityManagerFactory for persistence unit 'default'
2024-01-22T11:16:12.296-06:00  INFO 39196 --- [main] o.s.d.j.r.query.QueryEnhancerFactory     : Hibernate is in classpath; If applicable, HQL parser will be used.
2024-01-22T11:16:12.497-06:00  WARN 39196 --- [main] JpaBaseConfiguration$JpaWebConfiguration : spring.jpa.open-in-view is enabled by default. Therefore, database queries may be performed during view rendering. Explicitly configure spring.jpa.open-in-view to disable this warning
2024-01-22T11:16:13.494-06:00  INFO 39196 --- [main] o.s.b.w.embedded.tomcat.TomcatWebServer  : Tomcat started on port(s): 8080 (http) with context path ''
2024-01-22T11:16:13.507-06:00  INFO 39196 --- [main] com.example.stacks.StacksApplication     : Started StacksApplication in 7.891 seconds (process running for 14.09)
2024-01-22T11:16:37.294-06:00  INFO 39196 --- [http-nio-8080-exec-1] o.a.c.c.C.[Tomcat].[localhost].[/]       : Initializing Spring DispatcherServlet 'dispatcherServlet'
2024-01-22T11:16:37.295-06:00  INFO 39196 --- [http-nio-8080-exec-1] o.s.web.servlet.DispatcherServlet        : Initializing Servlet 'dispatcherServlet'
2024-01-22T11:16:37.298-06:00  INFO 39196 --- [http-nio-8080-exec-1] o.s.web.servlet.DispatcherServlet        : Completed initialization in 2 ms
2024-01-22T11:16:37.871-06:00  INFO 39196 --- [http-nio-8080-exec-1] c.e.stacks.service.UserServiceImpl       : User is present with email so user creation failed
2024-01-22T11:18:04.782-06:00  INFO 39196 --- [SpringApplicationShutdownHook] j.LocalContainerEntityManagerFactoryBean : Closing JPA EntityManagerFactory for persistence unit 'default'
2024-01-22T11:18:04.790-06:00  INFO 39196 --- [SpringApplicationShutdownHook] com.zaxxer.hikari.HikariDataSource       : HikariPool-1 - Shutdown initiated...
2024-01-22T11:18:04.812-06:00  INFO 39196 --- [SpringApplicationShutdownHook] com.zaxxer.hikari.HikariDataSource       : HikariPool-1 - Shutdown completed.
2024-01-22T11:18:18.635-06:00  INFO 39244 --- [main] com.example.stacks.StacksApplication     : Starting StacksApplication using Java 18.0.2 with PID 39244 (/Users/joey/IdeaProjects/stacksoflaughs/stacks/target/classes started by joey in /Users/joey/IdeaProjects/stacksoflaughs)
2024-01-22T11:18:18.637-06:00  INFO 39244 --- [main] com.example.stacks.StacksApplication     : No active profile set, falling back to 1 default profile: "default"
2024-01-22T11:18:20.161-06:00  INFO 39244 --- [main] .s.d.r.c.RepositoryConfigurationDelegate : Bootstrapping Spring Data JPA repositories in DEFAULT mode.
2024-01-22T11:18:20.269-06:00  INFO 39244 --- [main] .s.d.r.c.RepositoryConfigurationDelegate : Finished Spring Data repository scanning in 96 ms. Found 5 JPA repository interfaces.
2024-01-22T11:18:21.094-06:00  INFO 39244 --- [main] o.s.b.w.embedded.tomcat.TomcatWebServer  : Tomcat initialized with port(s): 8080 (http)
2024-01-22T11:18:21.107-06:00  INFO 39244 --- [main] o.apache.catalina.core.StandardService   : Starting service [Tomcat]
2024-01-22T11:18:21.108-06:00  INFO 39244 --- [main] o.apache.catalina.core.StandardEngine    : Starting Servlet engine: [Apache Tomcat/10.1.13]
2024-01-22T11:18:21.248-06:00  INFO 39244 --- [main] o.a.c.c.C.[Tomcat].[localhost].[/]       : Initializing Spring embedded WebApplicationContext
2024-01-22T11:18:21.249-06:00  INFO 39244 --- [main] w.s.c.ServletWebServerApplicationContext : Root WebApplicationContext: initialization completed in 2416 ms
2024-01-22T11:18:21.548-06:00  INFO 39244 --- [main] o.hibernate.jpa.internal.util.LogHelper  : HHH000204: Processing PersistenceUnitInfo [name: default]
2024-01-22T11:18:21.643-06:00  INFO 39244 --- [main] org.hibernate.Version                    : HHH000412: Hibernate ORM core version 6.2.9.Final
2024-01-22T11:18:21.646-06:00  INFO 39244 --- [main] org.hibernate.cfg.Environment            : HHH000406: Using bytecode reflection optimizer
2024-01-22T11:18:21.866-06:00  INFO 39244 --- [main] o.h.b.i.BytecodeProviderInitiator        : HHH000021: Bytecode provider name : bytebuddy
2024-01-22T11:18:22.080-06:00  INFO 39244 --- [main] o.s.o.j.p.SpringPersistenceUnitInfo      : No LoadTimeWeaver setup: ignoring JPA class transformer
2024-01-22T11:18:22.109-06:00  INFO 39244 --- [main] com.zaxxer.hikari.HikariDataSource       : HikariPool-1 - Starting...
2024-01-22T11:18:22.547-06:00  INFO 39244 --- [main] com.zaxxer.hikari.pool.HikariPool        : HikariPool-1 - Added connection com.mysql.cj.jdbc.ConnectionImpl@6fced25c
2024-01-22T11:18:22.566-06:00  INFO 39244 --- [main] com.zaxxer.hikari.HikariDataSource       : HikariPool-1 - Start completed.
2024-01-22T11:18:23.098-06:00  INFO 39244 --- [main] o.h.b.i.BytecodeProviderInitiator        : HHH000021: Bytecode provider name : bytebuddy
2024-01-22T11:18:24.550-06:00  INFO 39244 --- [main] o.h.e.t.j.p.i.JtaPlatformInitiator       : HHH000490: Using JtaPlatform implementation: [org.hibernate.engine.transaction.jta.platform.internal.NoJtaPlatform]
2024-01-22T11:18:24.681-06:00  INFO 39244 --- [main] j.LocalContainerEntityManagerFactoryBean : Initialized JPA EntityManagerFactory for persistence unit 'default'
2024-01-22T11:18:25.250-06:00  INFO 39244 --- [main] o.s.d.j.r.query.QueryEnhancerFactory     : Hibernate is in classpath; If applicable, HQL parser will be used.
2024-01-22T11:18:25.558-06:00  WARN 39244 --- [main] JpaBaseConfiguration$JpaWebConfiguration : spring.jpa.open-in-view is enabled by default. Therefore, database queries may be performed during view rendering. Explicitly configure spring.jpa.open-in-view to disable this warning
2024-01-22T11:18:26.803-06:00  INFO 39244 --- [main] o.s.b.w.embedded.tomcat.TomcatWebServer  : Tomcat started on port(s): 8080 (http) with context path ''
2024-01-22T11:18:26.821-06:00  INFO 39244 --- [main] com.example.stacks.StacksApplication     : Started StacksApplication in 9.089 seconds (process running for 15.481)
2024-01-22T11:18:44.315-06:00  INFO 39244 --- [http-nio-8080-exec-1] o.a.c.c.C.[Tomcat].[localhost].[/]       : Initializing Spring DispatcherServlet 'dispatcherServlet'
2024-01-22T11:18:44.316-06:00  INFO 39244 --- [http-nio-8080-exec-1] o.s.web.servlet.DispatcherServlet        : Initializing Servlet 'dispatcherServlet'
2024-01-22T11:18:44.318-06:00  INFO 39244 --- [http-nio-8080-exec-1] o.s.web.servlet.DispatcherServlet        : Completed initialization in 2 ms
2024-01-22T11:18:44.850-06:00  INFO 39244 --- [http-nio-8080-exec-1] c.e.stacks.service.UserServiceImpl       : User is present with email so user creation failed
2024-01-22T11:19:39.531-06:00  INFO 39244 --- [SpringApplicationShutdownHook] j.LocalContainerEntityManagerFactoryBean : Closing JPA EntityManagerFactory for persistence unit 'default'
2024-01-22T11:19:39.537-06:00  INFO 39244 --- [SpringApplicationShutdownHook] com.zaxxer.hikari.HikariDataSource       : HikariPool-1 - Shutdown initiated...
2024-01-22T11:19:39.554-06:00  INFO 39244 --- [SpringApplicationShutdownHook] com.zaxxer.hikari.HikariDataSource       : HikariPool-1 - Shutdown completed.
